<?xml version="1.0" encoding="UTF-8"?>
<testng-results ignored="0" total="2" passed="2" failed="0" skipped="0">
  <reporter-output>
  </reporter-output>
  <suite started-at="2022-11-24T22:46:30 IST" name="Suite" finished-at="2022-11-24T22:46:44 IST" duration-ms="13825">
    <groups>
    </groups>
    <test started-at="2022-11-24T22:46:30 IST" name="Test1" finished-at="2022-11-24T22:46:42 IST" duration-ms="12114">
      <class name="com.Trobin.Trobin.Grid">
        <test-method signature="launch_browser(java.lang.String)[pri:0, instance:com.Trobin.Trobin.Grid@7b98f307]" started-at="2022-11-24T22:46:30 IST" name="launch_browser" finished-at="2022-11-24T22:46:42 IST" duration-ms="12039" status="PASS">
          <params>
            <param index="0">
              <value>
                <![CDATA[chrome]]>
              </value>
            </param>
          </params>
          <reporter-output>
          </reporter-output>
        </test-method> <!-- launch_browser -->
      </class> <!-- com.Trobin.Trobin.Grid -->
    </test> <!-- Test1 -->
    <test started-at="2022-11-24T22:46:30 IST" name="Test" finished-at="2022-11-24T22:46:44 IST" duration-ms="13825">
      <class name="com.Trobin.Trobin.Grid">
        <test-method signature="launch_browser(java.lang.String)[pri:0, instance:com.Trobin.Trobin.Grid@16d04d3d]" started-at="2022-11-24T22:46:30 IST" name="launch_browser" finished-at="2022-11-24T22:46:44 IST" duration-ms="13756" status="PASS">
          <params>
            <param index="0">
              <value>
                <![CDATA[firefox]]>
              </value>
            </param>
          </params>
          <reporter-output>
          </reporter-output>
        </test-method> <!-- launch_browser -->
      </class> <!-- com.Trobin.Trobin.Grid -->
    </test> <!-- Test -->
  </suite> <!-- Suite -->
</testng-results>
